#
# A fatal error has been detected by the Java Runtime Environment:
#
#  SIGSEGV (0xb) at pc=0x00007f313d069a7a, pid=3927, tid=0x00007f31242fc700
#
# JRE version: Java(TM) SE Runtime Environment (8.0_111-b14) (build 1.8.0_111-b14)
# Java VM: Java HotSpot(TM) 64-Bit Server VM (25.111-b14 mixed mode linux-amd64 compressed oops)
# Problematic frame:
# v  ~BufferBlob::jni_fast_GetLongField
#
# Failed to write core dump. Core dumps have been disabled. To enable core dumping, try "ulimit -c unlimited" before starting Java again
#
# If you would like to submit a bug report, please visit:
#   http://bugreport.java.com/bugreport/crash.jsp
# The crash happened outside the Java Virtual Machine in native code.
# See problematic frame for where to report the bug.
#

---------------  T H R E A D  ---------------

Current thread (0x00007f314c210800):  JavaThread "AWT-XAWT" daemon [_thread_in_native, id=3947, stack(0x00007f31241fc000,0x00007f31242fd000)]

siginfo: si_signo: 11 (SIGSEGV), si_code: 1 (SEGV_MAPERR), si_addr: 0x0000000000000000

Registers:
RAX=0x00007f3153014520, RBX=0x00007f314c2109f8, RCX=0x00007f3153aa5320, RDX=0x0000000000000042
RSP=0x00007f31242fb758, RBP=0x00007f31242fb780, RSI=0x0000000000000000, RDI=0x00007f314c2109f8
R8 =0x00007f3125b7eab0, R9 =0x0000000000000000, R10=0x0000000000000014, R11=0x00007f313d2fb918
R12=0x0000000000000000, R13=0x0000000000000000, R14=0x00007f31262c47e0, R15=0x00007f314c210800
RIP=0x00007f313d069a7a, EFLAGS=0x0000000000010246, CSGSFS=0x002b000000000033, ERR=0x0000000000000004
  TRAPNO=0x000000000000000e

Top of Stack: (sp=0x00007f31242fb758)
0x00007f31242fb758:   00007f31260a2ee1 00007f313c6d16e0
0x00007f31242fb768:   0000000000000000 00007f31242fb830
0x00007f31242fb778:   00007f31242fb800 00007f30e80cad60
0x00007f31242fb788:   00007f3125b86c4d 00007f313c6d16e0
0x00007f31242fb798:   00007f31242fb7c0 0000000000000000
0x00007f31242fb7a8:   00007f3125b7ead3 00007f31242fb830
0x00007f31242fb7b8:   00007f312609c11f 00007f31242fb810
0x00007f31242fb7c8:   00007f313d2fb9b6 0000000000000000
0x00007f31242fb7d8:   00007f313d20fbb6 00007f31242fb830
0x00007f31242fb7e8:   00007f313d17c92c 00007f31242fb890
0x00007f31242fb7f8:   00000000d8218c58 00000000d82199c8
0x00007f31242fb808:   0000000000000001 00007f31242fb890
0x00007f31242fb818:   00007f313d007a90 00007f31242fb890
0x00007f31242fb828:   00007f313d007a90 0000000000000000
0x00007f31242fb838:   00007f313d007dd0 00007f30fc001090
0x00007f31242fb848:   00000000d828cf50 00007f31242fb850
0x00007f31242fb858:   00007f313c6b178c 00007f31242fb8d8
0x00007f31242fb868:   00007f313c6ba750 0000000000000000
0x00007f31242fb878:   00007f313c6b18c8 00007f31242fb830
0x00007f31242fb888:   00007f31242fb8d0 00007f31242fb920
0x00007f31242fb898:   00007f313d0082bd 0000000000000000
0x00007f31242fb8a8:   00000000d87fa9c0 0000000000000000
0x00007f31242fb8b8:   0000000000000000 0000000000000000
0x00007f31242fb8c8:   00000000d828cf50 0000000000000000
0x00007f31242fb8d8:   00000000d824cb50 00007f31242fb8e0
0x00007f31242fb8e8:   00007f313c6b15cd 00007f31242fb930
0x00007f31242fb8f8:   00007f313c6ba750 0000000000000000
0x00007f31242fb908:   00007f313c6b15d8 00007f31242fb8d0
0x00007f31242fb918:   00007f31242fb930 00007f31242fb978
0x00007f31242fb928:   00007f313d008302 00000000d824cb50
0x00007f31242fb938:   00007f31242fb938 00007f313c26a94b
0x00007f31242fb948:   00007f31242fb988 00007f313c2f1fd0 

Instructions: (pc=0x00007f313d069a7a)
0x00007f313d069a5a:   00 00 00 00 00 00 44 8b 15 21 a5 fe 15 4c 8b ce
0x00007f313d069a6a:   41 f6 c2 01 0f 85 2e 00 00 00 4d 33 ca 4d 33 ca
0x00007f313d069a7a:   4d 8b 09 4c 8b da 49 c1 eb 02 4b 8b 04 19 49 bb
0x00007f313d069a8a:   88 3f 05 53 31 7f 00 00 4c 33 d8 4c 33 d8 45 3b 

Register to memory mapping:

RAX=0x00007f3153014520: <offset 0xf84520> in /home/carolina/jdk1.8.0_111/jre/lib/amd64/server/libjvm.so at 0x00007f3152090000
RBX=0x00007f314c2109f8 is an unknown value
RCX=0x00007f3153aa5320: <offset 0x21a320> in /lib/x86_64-linux-gnu/libpthread.so.0 at 0x00007f315388b000
RDX=0x0000000000000042 is an unknown value
RSP=0x00007f31242fb758 is pointing into the stack for thread: 0x00007f314c210800
RBP=0x00007f31242fb780 is pointing into the stack for thread: 0x00007f314c210800
RSI=0x0000000000000000 is an unknown value
RDI=0x00007f314c2109f8 is an unknown value
R8 =0x00007f3125b7eab0: <offset 0x5cab0> in /usr/lib/x86_64-linux-gnu/libX11.so.6 at 0x00007f3125b22000
R9 =0x0000000000000000 is an unknown value
R10=0x0000000000000014 is an unknown value
R11=0x00007f313d2fb918 is at entry_point+24 in (nmethod*)0x00007f313d2fb790
R12=0x0000000000000000 is an unknown value
R13=0x0000000000000000 is an unknown value
R14=0x00007f31262c47e0: <offset 0x2587e0> in /home/carolina/jdk1.8.0_111/jre/lib/amd64/libawt_xawt.so at 0x00007f312606c000
R15=0x00007f314c210800 is a thread


Stack: [0x00007f31241fc000,0x00007f31242fd000],  sp=0x00007f31242fb758,  free space=1021k
Native frames: (J=compiled Java code, j=interpreted, Vv=VM code, C=native code)
v  ~BufferBlob::jni_fast_GetLongField
C  [libX11.so.6+0x64c4d]  _XimServerDestroy+0x3d

Java frames: (J=compiled Java code, j=interpreted, Vv=VM code)
J 891  sun.awt.X11.XlibWrapper.XFilterEvent(JJ)Z (0 bytes) @ 0x00007f313d2fb944 [0x00007f313d2fb900+0x44]
j  sun.awt.X11.XToolkit.run(Z)V+300
j  sun.awt.X11.XToolkit.run()V+5
j  java.lang.Thread.run()V+11
v  ~StubRoutines::call_stub

---------------  P R O C E S S  ---------------

Java Threads: ( => current thread )
  0x00007f30e80d3800 JavaThread "TimerQueue" daemon [_thread_blocked, id=3950, stack(0x00007f30f4128000,0x00007f30f4229000)]
  0x00007f314c00a800 JavaThread "DestroyJavaVM" [_thread_blocked, id=3931, stack(0x00007f3153bb1000,0x00007f3153cb1000)]
  0x00007f314c2ba800 JavaThread "AWT-EventQueue-0" [_thread_blocked, id=3949, stack(0x00007f30f4ad6000,0x00007f30f4bd7000)]
  0x00007f314c246000 JavaThread "AWT-Shutdown" [_thread_blocked, id=3948, stack(0x00007f3124098000,0x00007f3124199000)]
=>0x00007f314c210800 JavaThread "AWT-XAWT" daemon [_thread_in_native, id=3947, stack(0x00007f31241fc000,0x00007f31242fd000)]
  0x00007f314c1ef000 JavaThread "Java2D Disposer" daemon [_thread_blocked, id=3946, stack(0x00007f312470d000,0x00007f312480e000)]
  0x00007f314c0c0800 JavaThread "Service Thread" daemon [_thread_blocked, id=3944, stack(0x00007f3126698000,0x00007f3126799000)]
  0x00007f314c0bd800 JavaThread "C1 CompilerThread2" daemon [_thread_blocked, id=3943, stack(0x00007f312679a000,0x00007f312689a000)]
  0x00007f314c0bb800 JavaThread "C2 CompilerThread1" daemon [_thread_blocked, id=3942, stack(0x00007f312689b000,0x00007f312699b000)]
  0x00007f314c0b8800 JavaThread "C2 CompilerThread0" daemon [_thread_blocked, id=3941, stack(0x00007f312699c000,0x00007f3126a9c000)]
  0x00007f314c0b7000 JavaThread "Signal Dispatcher" daemon [_thread_blocked, id=3939, stack(0x00007f3126a9c000,0x00007f3126b9d000)]
  0x00007f314c084800 JavaThread "Finalizer" daemon [_thread_blocked, id=3938, stack(0x00007f31270f1000,0x00007f31271f2000)]
  0x00007f314c080000 JavaThread "Reference Handler" daemon [_thread_blocked, id=3937, stack(0x00007f31271f2000,0x00007f31272f3000)]

Other Threads:
  0x00007f314c078800 VMThread [stack: 0x00007f31272f4000,0x00007f31273f4000] [id=3936]
  0x00007f314c0c3800 WatcherThread [stack: 0x00007f3126598000,0x00007f3126698000] [id=3945]

VM state:not at safepoint (normal execution)

VM Mutex/Monitor currently owned by a thread: None

Heap:
 PSYoungGen      total 36352K, used 9370K [0x00000000d7f80000, 0x00000000da800000, 0x0000000100000000)
  eden space 31232K, 30% used [0x00000000d7f80000,0x00000000d88a6a50,0x00000000d9e00000)
  from space 5120K, 0% used [0x00000000da300000,0x00000000da300000,0x00000000da800000)
  to   space 5120K, 0% used [0x00000000d9e00000,0x00000000d9e00000,0x00000000da300000)
 ParOldGen       total 83456K, used 0K [0x0000000087e00000, 0x000000008cf80000, 0x00000000d7f80000)
  object space 83456K, 0% used [0x0000000087e00000,0x0000000087e00000,0x000000008cf80000)
 Metaspace       used 13737K, capacity 13968K, committed 14208K, reserved 1060864K
  class space    used 1766K, capacity 1840K, committed 1920K, reserved 1048576K

Card table byte_map: [0x00007f31504d1000,0x00007f3150893000] byte_map_base: 0x00007f3150092000

Marking Bits: (ParMarkBitMap*) 0x00007f3153053220
 Begin Bits: [0x00007f31343f0000, 0x00007f31361f8000)
 End Bits:   [0x00007f31361f8000, 0x00007f3138000000)

Polling page: 0x00007f3153cce000

CodeCache: size=245760Kb used=3219Kb max_used=3231Kb free=242540Kb
 bounds [0x00007f313d000000, 0x00007f313d330000, 0x00007f314c000000]
 total_blobs=1445 nmethods=904 adapters=455
 compilation: enabled

Compilation events (10 events):
Event: 653,974 Thread 0x00007f314c0bd800  900       3       sun.awt.XSettings$Update::getINT32 (175 bytes)
Event: 653,974 Thread 0x00007f314c0bd800 nmethod 900 0x00007f313d321fd0 code [0x00007f313d322160, 0x00007f313d3224c8]
Event: 664,769 Thread 0x00007f314c0bd800  901   !   3       java.util.Vector$Itr::next (63 bytes)
Event: 664,769 Thread 0x00007f314c0bd800 nmethod 901 0x00007f313d3236d0 code [0x00007f313d323880, 0x00007f313d323ef8]
Event: 664,769 Thread 0x00007f314c0bd800  902       3       java.util.Vector$Itr::checkForComodification (23 bytes)
Event: 664,770 Thread 0x00007f314c0bd800 nmethod 902 0x00007f313d3243d0 code [0x00007f313d324540, 0x00007f313d324768]
Event: 2030,894 Thread 0x00007f314c0bb800  903   !   4       sun.awt.X11.XToolkit::callTimeoutTasks (220 bytes)
Event: 2030,898 Thread 0x00007f314c0bb800 nmethod 903 0x00007f313d3275d0 code [0x00007f313d327740, 0x00007f313d327898]
Event: 2297,239 Thread 0x00007f314c0b8800  904   !   4       sun.awt.X11.XToolkit::getNextTaskTime (55 bytes)
Event: 2297,250 Thread 0x00007f314c0b8800 nmethod 904 0x00007f313d325790 code [0x00007f313d325920, 0x00007f313d325c48]

GC Heap History (0 events):
No events

Deoptimization events (10 events):
Event: 1,071 Thread 0x00007f314c2ba800 Uncommon trap: reason=class_check action=maybe_recompile pc=0x00007f313d1dcc1c method=java.util.HashMap.putVal(ILjava/lang/Object;Ljava/lang/Object;ZZ)Ljava/lang/Object; @ 253
Event: 1,071 Thread 0x00007f314c2ba800 Uncommon trap: reason=class_check action=maybe_recompile pc=0x00007f313d1dcc1c method=java.util.HashMap.putVal(ILjava/lang/Object;Ljava/lang/Object;ZZ)Ljava/lang/Object; @ 253
Event: 1,071 Thread 0x00007f314c2ba800 Uncommon trap: reason=class_check action=maybe_recompile pc=0x00007f313d1dde98 method=java.util.HashMap.putVal(ILjava/lang/Object;Ljava/lang/Object;ZZ)Ljava/lang/Object; @ 253
Event: 1,073 Thread 0x00007f314c2ba800 Uncommon trap: reason=unstable_if action=reinterpret pc=0x00007f313d1a86a8 method=java.lang.String.<init>([CII)V @ 18
Event: 2,375 Thread 0x00007f314c2ba800 Uncommon trap: reason=class_check action=maybe_recompile pc=0x00007f313d15a170 method=java.lang.String.equals(Ljava/lang/Object;)Z @ 8
Event: 2,375 Thread 0x00007f314c2ba800 Uncommon trap: reason=class_check action=maybe_recompile pc=0x00007f313d15a170 method=java.lang.String.equals(Ljava/lang/Object;)Z @ 8
Event: 3,681 Thread 0x00007f314c2ba800 Uncommon trap: reason=class_check action=maybe_recompile pc=0x00007f313d15a170 method=java.lang.String.equals(Ljava/lang/Object;)Z @ 8
Event: 3,681 Thread 0x00007f314c2ba800 Uncommon trap: reason=class_check action=maybe_recompile pc=0x00007f313d15a170 method=java.lang.String.equals(Ljava/lang/Object;)Z @ 8
Event: 4,239 Thread 0x00007f314c2ba800 Uncommon trap: reason=unstable_if action=reinterpret pc=0x00007f313d1f7c44 method=java.util.HashMap.putVal(ILjava/lang/Object;Ljava/lang/Object;ZZ)Ljava/lang/Object; @ 109
Event: 4,240 Thread 0x00007f314c2ba800 Uncommon trap: reason=unstable_if action=reinterpret pc=0x00007f313d1f47ac method=java.util.HashMap.putVal(ILjava/lang/Object;Ljava/lang/Object;ZZ)Ljava/lang/Object; @ 109

Internal exceptions (10 events):
Event: 0,907 Thread 0x00007f314c00a800 Exception <a 'java/lang/ClassNotFoundException': ToolTip> (0x00000000d843dcf0) thrown at [/HUDSON3/workspace/8-2-build-linux-amd64/jdk8u111/7883/hotspot/src/share/vm/classfile/systemDictionary.cpp, line 210]
Event: 0,908 Thread 0x00007f314c00a800 Exception <a 'java/lang/ClassNotFoundException': Tree> (0x00000000d843e910) thrown at [/HUDSON3/workspace/8-2-build-linux-amd64/jdk8u111/7883/hotspot/src/share/vm/classfile/systemDictionary.cpp, line 210]
Event: 0,908 Thread 0x00007f314c00a800 Exception <a 'java/lang/ClassNotFoundException': Tree> (0x00000000d843f050) thrown at [/HUDSON3/workspace/8-2-build-linux-amd64/jdk8u111/7883/hotspot/src/share/vm/classfile/systemDictionary.cpp, line 210]
Event: 0,908 Thread 0x00007f314c00a800 Exception <a 'java/lang/ClassNotFoundException': javax/swing/JTreeCell> (0x00000000d843f3d0) thrown at [/HUDSON3/workspace/8-2-build-linux-amd64/jdk8u111/7883/hotspot/src/share/vm/classfile/systemDictionary.cpp, line 210]
Event: 0,908 Thread 0x00007f314c00a800 Exception <a 'java/lang/ClassNotFoundException': TreeCell> (0x00000000d843f858) thrown at [/HUDSON3/workspace/8-2-build-linux-amd64/jdk8u111/7883/hotspot/src/share/vm/classfile/systemDictionary.cpp, line 210]
Event: 0,909 Thread 0x00007f314c00a800 Exception <a 'java/lang/ClassNotFoundException': RootPane> (0x00000000d84402b8) thrown at [/HUDSON3/workspace/8-2-build-linux-amd64/jdk8u111/7883/hotspot/src/share/vm/classfile/systemDictionary.cpp, line 210]
Event: 0,970 Thread 0x00007f314c2ba800 Implicit null exception at 0x00007f313d1b7db5 to 0x00007f313d1b816d
Event: 0,971 Thread 0x00007f314c2ba800 Implicit null exception at 0x00007f313d1ba9f6 to 0x00007f313d1baddd
Event: 1,326 Thread 0x00007f314c2ba800 Exception <a 'java/lang/UnsupportedOperationException': > (0x00000000d869dcc0) thrown at [/HUDSON3/workspace/8-2-build-linux-amd64/jdk8u111/7883/hotspot/src/share/vm/prims/jni.cpp, line 735]
Event: 4,509 Thread 0x00007f314c2ba800 Exception <a 'java/lang/UnsupportedOperationException': > (0x00000000d8836588) thrown at [/HUDSON3/workspace/8-2-build-linux-amd64/jdk8u111/7883/hotspot/src/share/vm/prims/jni.cpp, line 735]

Events (10 events):
Event: 5,970 loading class java/awt/Window$1DisposeAction
Event: 5,970 loading class java/awt/Window$1DisposeAction done
Event: 5,977 loading class java/awt/Component$FlipBufferStrategy
Event: 5,977 loading class java/awt/Component$FlipBufferStrategy done
Event: 651,204 loading class sun/awt/X11/XAWTXSettings$1
Event: 651,261 loading class sun/awt/X11/XAWTXSettings$1 done
Event: 653,935 loading class sun/awt/X11/XkbEvent
Event: 653,935 loading class sun/awt/X11/XkbEvent done
Event: 653,936 loading class sun/awt/X11/XkbAnyEvent
Event: 653,936 loading class sun/awt/X11/XkbAnyEvent done


Dynamic libraries:
00400000-00401000 r-xp 00000000 08:06 663874                             /home/carolina/jdk1.8.0_111/jre/bin/java
00600000-00601000 rw-p 00000000 08:06 663874                             /home/carolina/jdk1.8.0_111/jre/bin/java
01266000-01287000 rw-p 00000000 00:00 0                                  [heap]
87e00000-8cf80000 rw-p 00000000 00:00 0 
8cf80000-d7f80000 ---p 00000000 00:00 0 
d7f80000-da800000 rw-p 00000000 00:00 0 
da800000-100000000 ---p 00000000 00:00 0 
100000000-1001e0000 rw-p 00000000 00:00 0 
1001e0000-140000000 ---p 00000000 00:00 0 
7f30e8000000-7f30e8364000 rw-p 00000000 00:00 0 
7f30e8364000-7f30ec000000 ---p 00000000 00:00 0 
7f30ec000000-7f30ec021000 rw-p 00000000 00:00 0 
7f30ec021000-7f30f0000000 ---p 00000000 00:00 0 
7f30f0000000-7f30f0021000 rw-p 00000000 00:00 0 
7f30f0021000-7f30f4000000 ---p 00000000 00:00 0 
7f30f4128000-7f30f412b000 ---p 00000000 00:00 0 
7f30f412b000-7f30f4229000 rw-p 00000000 00:00 0 
7f30f4229000-7f30f4253000 r-xp 00000000 08:06 663727                     /home/carolina/jdk1.8.0_111/jre/lib/amd64/libdcpr.so
7f30f4253000-7f30f4453000 ---p 0002a000 08:06 663727                     /home/carolina/jdk1.8.0_111/jre/lib/amd64/libdcpr.so
7f30f4453000-7f30f4456000 rw-p 0002a000 08:06 663727                     /home/carolina/jdk1.8.0_111/jre/lib/amd64/libdcpr.so
7f30f4456000-7f30f44bf000 r-xp 00000000 08:06 663757                     /home/carolina/jdk1.8.0_111/jre/lib/amd64/libt2k.so
7f30f44bf000-7f30f46bf000 ---p 00069000 08:06 663757                     /home/carolina/jdk1.8.0_111/jre/lib/amd64/libt2k.so
7f30f46bf000-7f30f46c6000 rw-p 00069000 08:06 663757                     /home/carolina/jdk1.8.0_111/jre/lib/amd64/libt2k.so
7f30f46c6000-7f30f48d6000 rw-p 00000000 00:00 0 
7f30f48d6000-7f30f4ad6000 rw-p 00000000 00:00 0 
7f30f4ad6000-7f30f4ad9000 ---p 00000000 00:00 0 
7f30f4ad9000-7f30f4bd7000 rw-p 00000000 00:00 0 
7f30f4bd7000-7f30f4be8000 r-xp 00000000 08:06 663755                     /home/carolina/jdk1.8.0_111/jre/lib/amd64/libnio.so
7f30f4be8000-7f30f4de7000 ---p 00011000 08:06 663755                     /home/carolina/jdk1.8.0_111/jre/lib/amd64/libnio.so
7f30f4de7000-7f30f4de8000 rw-p 00010000 08:06 663755                     /home/carolina/jdk1.8.0_111/jre/lib/amd64/libnio.so
7f30f4de8000-7f30f7de9000 rw-p 00000000 00:00 0 
7f30f7de9000-7f30f7dff000 r-xp 00000000 08:06 663756                     /home/carolina/jdk1.8.0_111/jre/lib/amd64/libnet.so
7f30f7dff000-7f30f7fff000 ---p 00016000 08:06 663756                     /home/carolina/jdk1.8.0_111/jre/lib/amd64/libnet.so
7f30f7fff000-7f30f8000000 rw-p 00016000 08:06 663756                     /home/carolina/jdk1.8.0_111/jre/lib/amd64/libnet.so
7f30f8000000-7f30f8021000 rw-p 00000000 00:00 0 
7f30f8021000-7f30fc000000 ---p 00000000 00:00 0 
7f30fc000000-7f30fc02e000 rw-p 00000000 00:00 0 
7f30fc02e000-7f3100000000 ---p 00000000 00:00 0 
7f3100000000-7f3100021000 rw-p 00000000 00:00 0 
7f3100021000-7f3104000000 ---p 00000000 00:00 0 
7f3104000000-7f3104021000 rw-p 00000000 00:00 0 
7f3104021000-7f3108000000 ---p 00000000 00:00 0 
7f3108000000-7f310805f000 rw-p 00000000 00:00 0 
7f310805f000-7f310c000000 ---p 00000000 00:00 0 
7f310c000000-7f310c5de000 rw-p 00000000 00:00 0 
7f310c5de000-7f3110000000 ---p 00000000 00:00 0 
7f3110000000-7f3110021000 rw-p 00000000 00:00 0 
7f3110021000-7f3114000000 ---p 00000000 00:00 0 
7f3114000000-7f3114186000 rw-p 00000000 00:00 0 
7f3114186000-7f3118000000 ---p 00000000 00:00 0 
7f3118000000-7f3118021000 rw-p 00000000 00:00 0 
7f3118021000-7f311c000000 ---p 00000000 00:00 0 
7f311c000000-7f311c021000 rw-p 00000000 00:00 0 
7f311c021000-7f3120000000 ---p 00000000 00:00 0 
7f3120000000-7f3120021000 rw-p 00000000 00:00 0 
7f3120021000-7f3124000000 ---p 00000000 00:00 0 
7f3124098000-7f312409b000 ---p 00000000 00:00 0 
7f312409b000-7f3124199000 rw-p 00000000 00:00 0 
7f3124199000-7f31241a4000 r--s 00000000 08:06 1058785                    /var/cache/fontconfig/945677eb7aeaf62f1d50efc3fb3ec7d8-le64.cache-7
7f31241a4000-7f31241a9000 r--s 00000000 08:06 1065561                    /var/cache/fontconfig/2300eef321c393bfd76478a5c0e95b23-le64.cache-7
7f31241a9000-7f31241aa000 r--s 00000000 08:06 1065560                    /var/cache/fontconfig/0d8c3b2ac0904cb8a57a757ad11a4a08-le64.cache-7
7f31241aa000-7f31241bf000 r--s 00000000 08:06 1065559                    /var/cache/fontconfig/04aabc0a78ac019cf9454389977116d2-le64.cache-7
7f31241bf000-7f31241c0000 r--s 00000000 08:06 1065558                    /var/cache/fontconfig/1ac9eb803944fde146138c791f5cc56a-le64.cache-7
7f31241c0000-7f31241c4000 r--s 00000000 08:06 1065557                    /var/cache/fontconfig/385c0604a188198f04d133e54aba7fe7-le64.cache-7
7f31241c4000-7f31241c5000 r--s 00000000 08:06 1065556                    /var/cache/fontconfig/dc05db6664285cc2f12bf69c139ae4c3-le64.cache-7
7f31241c5000-7f31241c7000 r--s 00000000 08:06 1065555                    /var/cache/fontconfig/14a5e22175779b556eaa434240950366-le64.cache-7
7f31241c7000-7f31241c8000 r--s 00000000 08:06 1065554                    /var/cache/fontconfig/660208299946a285a940457d1287da33-le64.cache-7
7f31241c8000-7f31241ca000 r--s 00000000 08:06 1065553                    /var/cache/fontconfig/4f3e3037c9980c83b53a9351efadef62-le64.cache-7
7f31241ca000-7f31241cc000 r--s 00000000 08:06 1065552                    /var/cache/fontconfig/767a8244fc0220cfb567a839d0392e0b-le64.cache-7
7f31241cc000-7f31241cd000 r--s 00000000 08:06 1059909                    /var/cache/fontconfig/4794a0821666d79190d59a36cb4f44b5-le64.cache-7
7f31241cd000-7f31241cf000 r--s 00000000 08:06 1053624                    /var/cache/fontconfig/0bd3dc0958fa2205aaaa8ebb13e2872b-le64.cache-7
7f31241cf000-7f31241d6000 r--s 00000000 08:06 1065549                    /var/cache/fontconfig/8801497958630a81b71ace7c5f9b32a8-le64.cache-7
7f31241d6000-7f31241db000 r--s 00000000 08:06 1065548                    /var/cache/fontconfig/def309198bfa603429122923fa2bb2d4-le64.cache-7
7f31241db000-7f31241dc000 r--s 00000000 08:06 1065547                    /var/cache/fontconfig/b872e6e592da6075ffa4ab0a1fcc0c75-le64.cache-7
7f31241dc000-7f31241dd000 r--s 00000000 08:06 1065546                    /var/cache/fontconfig/f6d4eedfaab2589bde49f7a3ff831d22-le64.cache-7
7f31241dd000-7f31241de000 r--s 00000000 08:06 1065545                    /var/cache/fontconfig/589f83ef4c36d296ce6e1c846f468f08-le64.cache-7
7f31241de000-7f31241df000 r--s 00000000 08:06 1065544                    /var/cache/fontconfig/bab58bb527bb656aaa9f116d68a48d89-le64.cache-7
7f31241df000-7f31241e0000 r--s 00000000 08:06 1065543                    /var/cache/fontconfig/2171a34dccabdb6bcbbc728186263178-le64.cache-7
7f31241e0000-7f31241e1000 r--s 00000000 08:06 1065542                    /var/cache/fontconfig/c5c45a61289222e0d30b1a26ef4effbe-le64.cache-7
7f31241e1000-7f31241e2000 r--s 00000000 08:06 1065541                    /var/cache/fontconfig/aec30016f93e1b46d1a973dce0d74068-le64.cache-7
7f31241e2000-7f31241e3000 r--s 00000000 08:06 1065540                    /var/cache/fontconfig/3f589640d34b7dc9042c8d453f7c8b9c-le64.cache-7
7f31241e3000-7f31241e4000 r--s 00000000 08:06 1065539                    /var/cache/fontconfig/16c2fda60d1b4b719f4b3d06fd951d25-le64.cache-7
7f31241e4000-7f31241e9000 r--s 00000000 08:06 1059867                    /var/cache/fontconfig/9d2451b1fd30e5bffe8383fd27c35478-le64.cache-7
7f31241e9000-7f31241fc000 r--s 00000000 08:06 1065531                    /var/cache/fontconfig/d52a8644073d54c13679302ca1180695-le64.cache-7
7f31241fc000-7f31241ff000 ---p 00000000 00:00 0 
7f31241ff000-7f31242fd000 rw-p 00000000 00:00 0 
7f31242fd000-7f3124302000 r-xp 00000000 08:06 1971276                    /usr/lib/x86_64-linux-gnu/libXfixes.so.3.1.0
7f3124302000-7f3124501000 ---p 00005000 08:06 1971276                    /usr/lib/x86_64-linux-gnu/libXfixes.so.3.1.0
7f3124501000-7f3124502000 r--p 00004000 08:06 1971276                    /usr/lib/x86_64-linux-gnu/libXfixes.so.3.1.0
7f3124502000-7f3124503000 rw-p 00005000 08:06 1971276                    /usr/lib/x86_64-linux-gnu/libXfixes.so.3.1.0
7f3124503000-7f312450c000 r-xp 00000000 08:06 1966617                    /usr/lib/x86_64-linux-gnu/libXcursor.so.1.0.2
7f312450c000-7f312470b000 ---p 00009000 08:06 1966617                    /usr/lib/x86_64-linux-gnu/libXcursor.so.1.0.2
7f312470b000-7f312470c000 r--p 00008000 08:06 1966617                    /usr/lib/x86_64-linux-gnu/libXcursor.so.1.0.2
7f312470c000-7f312470d000 rw-p 00009000 08:06 1966617                    /usr/lib/x86_64-linux-gnu/libXcursor.so.1.0.2
7f312470d000-7f3124710000 ---p 00000000 00:00 0 
7f3124710000-7f312480e000 rw-p 00000000 00:00 0 
7f312480e000-7f3124825000 r-xp 00000000 08:06 2228997                    /lib/x86_64-linux-gnu/libgcc_s.so.1
7f3124825000-7f3124a24000 ---p 00017000 08:06 2228997                    /lib/x86_64-linux-gnu/libgcc_s.so.1
7f3124a24000-7f3124a25000 r--p 00016000 08:06 2228997                    /lib/x86_64-linux-gnu/libgcc_s.so.1
7f3124a25000-7f3124a26000 rw-p 00017000 08:06 2228997                    /lib/x86_64-linux-gnu/libgcc_s.so.1
7f3124a26000-7f3124a27000 r--s 00000000 08:06 1065538                    /var/cache/fontconfig/a48eab177a16e4f3713381162db2f3e9-le64.cache-7
7f3124a27000-7f3124a28000 r--s 00000000 08:06 1065537                    /var/cache/fontconfig/564b2e68ac9bc4e36a6f7f6d6125ec1c-le64.cache-7
7f3124a28000-7f3124a2e000 r--s 00000000 08:06 1065535                    /var/cache/fontconfig/3047814df9a2f067bd2d96a2b9c36e5a-le64.cache-7
7f3124a2e000-7f3124a2f000 r--s 00000000 08:06 1065534                    /var/cache/fontconfig/56cf4f4769d0f4abc89a4895d7bd3ae1-le64.cache-7
7f3124a2f000-7f3124a30000 r--s 00000000 08:06 1065533                    /var/cache/fontconfig/b9d506c9ac06c20b433354fa67a72993-le64.cache-7
7f3124a30000-7f3124a36000 r--s 00000000 08:06 1065532                    /var/cache/fontconfig/b47c4e1ecd0709278f4910c18777a504-le64.cache-7
7f3124a36000-7f3124a42000 r--s 00000000 08:06 1057604                    /var/cache/fontconfig/d589a48862398ed80a3d6066f4f56f4c-le64.cache-7
7f3124a42000-7f3124aa7000 r-xp 00000000 08:06 663600                     /home/carolina/jdk1.8.0_111/jre/lib/amd64/libfontmanager.so
7f3124aa7000-7f3124ca6000 ---p 00065000 08:06 663600                     /home/carolina/jdk1.8.0_111/jre/lib/amd64/libfontmanager.so
7f3124ca6000-7f3124cab000 rw-p 00064000 08:06 663600                     /home/carolina/jdk1.8.0_111/jre/lib/amd64/libfontmanager.so
7f3124cab000-7f3124cbb000 rw-p 00000000 00:00 0 
7f3124cbb000-7f3124cce000 r-xp 00000000 08:06 2228312                    /lib/x86_64-linux-gnu/libbsd.so.0.8.7
7f3124cce000-7f3124ecd000 ---p 00013000 08:06 2228312                    /lib/x86_64-linux-gnu/libbsd.so.0.8.7
7f3124ecd000-7f3124ece000 r--p 00012000 08:06 2228312                    /lib/x86_64-linux-gnu/libbsd.so.0.8.7
7f3124ece000-7f3124ecf000 rw-p 00013000 08:06 2228312                    /lib/x86_64-linux-gnu/libbsd.so.0.8.7
7f3124ecf000-7f3124ed0000 rw-p 00000000 00:00 0 
7f3124ed0000-7f3124ed5000 r-xp 00000000 08:06 1968406                    /usr/lib/x86_64-linux-gnu/libXdmcp.so.6.0.0
7f3124ed5000-7f31250d4000 ---p 00005000 08:06 1968406                    /usr/lib/x86_64-linux-gnu/libXdmcp.so.6.0.0
7f31250d4000-7f31250d5000 r--p 00004000 08:06 1968406                    /usr/lib/x86_64-linux-gnu/libXdmcp.so.6.0.0
7f31250d5000-7f31250d6000 rw-p 00005000 08:06 1968406                    /usr/lib/x86_64-linux-gnu/libXdmcp.so.6.0.0
7f31250d6000-7f31250d8000 r-xp 00000000 08:06 1974672                    /usr/lib/x86_64-linux-gnu/libXau.so.6.0.0
7f31250d8000-7f31252d8000 ---p 00002000 08:06 1974672                    /usr/lib/x86_64-linux-gnu/libXau.so.6.0.0
7f31252d8000-7f31252d9000 r--p 00002000 08:06 1974672                    /usr/lib/x86_64-linux-gnu/libXau.so.6.0.0
7f31252d9000-7f31252da000 rw-p 00003000 08:06 1974672                    /usr/lib/x86_64-linux-gnu/libXau.so.6.0.0
7f31252da000-7f3125300000 r-xp 00000000 08:06 1969487                    /usr/lib/x86_64-linux-gnu/libxcb.so.1.1.0
7f3125300000-7f3125500000 ---p 00026000 08:06 1969487                    /usr/lib/x86_64-linux-gnu/libxcb.so.1.1.0
7f3125500000-7f3125501000 r--p 00026000 08:06 1969487                    /usr/lib/x86_64-linux-gnu/libxcb.so.1.1.0
7f3125501000-7f3125502000 rw-p 00027000 08:06 1969487                    /usr/lib/x86_64-linux-gnu/libxcb.so.1.1.0
7f3125502000-7f3125511000 r-xp 00000000 08:06 1971939                    /usr/lib/x86_64-linux-gnu/libXi.so.6.1.0
7f3125511000-7f3125710000 ---p 0000f000 08:06 1971939                    /usr/lib/x86_64-linux-gnu/libXi.so.6.1.0
7f3125710000-7f3125711000 r--p 0000e000 08:06 1971939                    /usr/lib/x86_64-linux-gnu/libXi.so.6.1.0
7f3125711000-7f3125712000 rw-p 0000f000 08:06 1971939                    /usr/lib/x86_64-linux-gnu/libXi.so.6.1.0
7f3125712000-7f3125717000 r-xp 00000000 08:06 1967343                    /usr/lib/x86_64-linux-gnu/libXtst.so.6.1.0
7f3125717000-7f3125916000 ---p 00005000 08:06 1967343                    /usr/lib/x86_64-linux-gnu/libXtst.so.6.1.0
7f3125916000-7f3125917000 r--p 00004000 08:06 1967343                    /usr/lib/x86_64-linux-gnu/libXtst.so.6.1.0
7f3125917000-7f3125918000 rw-p 00005000 08:06 1967343                    /usr/lib/x86_64-linux-gnu/libXtst.so.6.1.0
7f3125918000-7f3125921000 r-xp 00000000 08:06 1971479                    /usr/lib/x86_64-linux-gnu/libXrender.so.1.3.0
7f3125921000-7f3125b20000 ---p 00009000 08:06 1971479                    /usr/lib/x86_64-linux-gnu/libXrender.so.1.3.0
7f3125b20000-7f3125b21000 r--p 00008000 08:06 1971479                    /usr/lib/x86_64-linux-gnu/libXrender.so.1.3.0
7f3125b21000-7f3125b22000 rw-p 00009000 08:06 1971479                    /usr/lib/x86_64-linux-gnu/libXrender.so.1.3.0
7f3125b22000-7f3125c55000 r-xp 00000000 08:06 1971464                    /usr/lib/x86_64-linux-gnu/libX11.so.6.3.0
7f3125c55000-7f3125e55000 ---p 00133000 08:06 1971464                    /usr/lib/x86_64-linux-gnu/libX11.so.6.3.0
7f3125e55000-7f3125e56000 r--p 00133000 08:06 1971464                    /usr/lib/x86_64-linux-gnu/libX11.so.6.3.0
7f3125e56000-7f3125e5a000 rw-p 00134000 08:06 1971464                    /usr/lib/x86_64-linux-gnu/libX11.so.6.3.0
7f3125e5a000-7f3125e6b000 r-xp 00000000 08:06 1974685                    /usr/lib/x86_64-linux-gnu/libXext.so.6.4.0
7f3125e6b000-7f312606a000 ---p 00011000 08:06 1974685                    /usr/lib/x86_64-linux-gnu/libXext.so.6.4.0
7f312606a000-7f312606b000 r--p 00010000 08:06 1974685                    /usr/lib/x86_64-linux-gnu/libXext.so.6.4.0
7f312606b000-7f312606c000 rw-p 00011000 08:06 1974685                    /usr/lib/x86_64-linux-gnu/libXext.so.6.4.0
7f312606c000-7f31260c0000 r-xp 00000000 08:06 663654                     /home/carolina/jdk1.8.0_111/jre/lib/amd64/libawt_xawt.so
7f31260c0000-7f31262c0000 ---p 00054000 08:06 663654                     /home/carolina/jdk1.8.0_111/jre/lib/amd64/libawt_xawt.so
7f31262c0000-7f31262c4000 rw-p 00054000 08:06 663654                     /home/carolina/jdk1.8.0_111/jre/lib/amd64/libawt_xawt.so
7f31262c4000-7f31262c5000 rw-p 00000000 00:00 0 
7f31262c5000-7f3126367000 r-xp 00000000 08:06 663758                     /home/carolina/jdk1.8.0_111/jre/lib/amd64/libawt.so
7f3126367000-7f3126567000 ---p 000a2000 08:06 663758                     /home/carolina/jdk1.8.0_111/jre/lib/amd64/libawt.so
7f3126567000-7f3126573000 rw-p 000a2000 08:06 663758                     /home/carolina/jdk1.8.0_111/jre/lib/amd64/libawt.so
7f3126573000-7f3126597000 rw-p 00000000 00:00 0 
7f3126597000-7f3126598000 ---p 00000000 00:00 0 
7f3126598000-7f3126698000 rw-p 00000000 00:00 0 
7f3126698000-7f312669b000 ---p 00000000 00:00 0 
7f312669b000-7f3126799000 rw-p 00000000 00:00 0 
7f3126799000-7f312679a000 ---p 00000000 00:00 0 
7f312679a000-7f312679d000 ---p 00000000 00:00 0 
7f312679d000-7f312689a000 rw-p 00000000 00:00 0 
7f312689a000-7f312689b000 ---p 00000000 00:00 0 
7f312689b000-7f312689e000 ---p 00000000 00:00 0 
7f312689e000-7f312699b000 rw-p 00000000 00:00 0 
7f312699b000-7f312699c000 ---p 00000000 00:00 0 
7f312699c000-7f312699f000 ---p 00000000 00:00 0 
7f312699f000-7f3126a9c000 rw-p 00000000 00:00 0 
7f3126a9c000-7f3126a9f000 ---p 00000000 00:00 0 
7f3126a9f000-7f3126b9d000 rw-p 00000000 00:00 0 
7f3126b9d000-7f31270f1000 r--p 00000000 08:06 1967115                    /usr/lib/locale/locale-archive
7f31270f1000-7f31270f4000 ---p 00000000 00:00 0 
7f31270f4000-7f31271f2000 rw-p 00000000 00:00 0 
7f31271f2000-7f31271f5000 ---p 00000000 00:00 0 
7f31271f5000-7f31272f3000 rw-p 00000000 00:00 0 
7f31272f3000-7f31272f4000 ---p 00000000 00:00 0 
7f31272f4000-7f3128000000 rw-p 00000000 00:00 0 
7f3128000000-7f3128021000 rw-p 00000000 00:00 0 
7f3128021000-7f312c000000 ---p 00000000 00:00 0 
7f312c000000-7f312c021000 rw-p 00000000 00:00 0 
7f312c021000-7f3130000000 ---p 00000000 00:00 0 
7f3130000000-7f3130021000 rw-p 00000000 00:00 0 
7f3130021000-7f3134000000 ---p 00000000 00:00 0 
7f3134000000-7f3134001000 r--s 00000000 08:06 1065530                    /var/cache/fontconfig/370e5b74bf5dafc30834de68e24a87a4-le64.cache-7
7f3134001000-7f3134002000 r--s 00000000 08:06 1065529                    /var/cache/fontconfig/6b2c5944714ca7831b25bed9e85cb5c8-le64.cache-7
7f3134002000-7f3134003000 r--s 00000000 08:06 1065528                    /var/cache/fontconfig/d5178ab6d91b49bf20a416737dcea9e8-le64.cache-7
7f3134003000-7f3134016000 r--s 00000000 08:06 1056957                    /var/cache/fontconfig/4ac51e5cfbc76fc3f983e470323a16d3-le64.cache-7
7f3134016000-7f3134218000 rw-p 00000000 00:00 0 
7f3134218000-7f31343f0000 r--s 03d2a000 08:06 663866                     /home/carolina/jdk1.8.0_111/jre/lib/rt.jar
7f31343f0000-7f3138000000 rw-p 00000000 00:00 0 
7f3138000000-7f3138021000 rw-p 00000000 00:00 0 
7f3138021000-7f313c000000 ---p 00000000 00:00 0 
7f313c000000-7f313c001000 r--s 00000000 08:06 1065527                    /var/cache/fontconfig/551ecf3b0e8b0bca0f25c0944f561853-le64.cache-7
7f313c001000-7f313c004000 r--s 00000000 08:06 1065526                    /var/cache/fontconfig/f259c2cffa685e28062317905db73c4a-le64.cache-7
7f313c004000-7f313c006000 r--s 00000000 08:06 1065525                    /var/cache/fontconfig/550f3886151c940c12a5ed35f6a00586-le64.cache-7
7f313c006000-7f313c009000 r--s 00000000 08:06 1065524                    /var/cache/fontconfig/674d1711f2d1d2a09646eb0bdcadee49-le64.cache-7
7f313c009000-7f313c00a000 r--s 00000000 08:06 1065523                    /var/cache/fontconfig/3f7329c5293ffd510edef78f73874cfd-le64.cache-7
7f313c00a000-7f313c00b000 r--s 00000000 08:06 1065521                    /var/cache/fontconfig/30829fa25452a46451e813d634d7f916-le64.cache-7
7f313c00b000-7f313c00c000 r--s 00000000 08:06 1065520                    /var/cache/fontconfig/0c9eb80ebd1c36541ebe2852d3bb0c49-le64.cache-7
7f313c00c000-7f313c00d000 r--s 00000000 08:06 1065519                    /var/cache/fontconfig/22368d551a680bfe5a62c02760edf4ea-le64.cache-7
7f313c00d000-7f313c00e000 r--s 00000000 08:06 1065518                    /var/cache/fontconfig/4d9c95eba1cb85bbcf2878543262124a-le64.cache-7
7f313c00e000-7f313c00f000 r--s 00000000 08:06 1065517                    /var/cache/fontconfig/85e0a52ce643a7ba2ae53e5d6949cead-le64.cache-7
7f313c00f000-7f313c010000 r--s 00000000 08:06 1065516                    /var/cache/fontconfig/49f0de54bdd920fe4f0dfd4cbac43e6b-le64.cache-7
7f313c010000-7f313c011000 r--s 00000000 08:06 1065515                    /var/cache/fontconfig/f6e6e0a5c3d2f6ae0c0c2e0ecd42a997-le64.cache-7
7f313c011000-7f313c035000 r--p 00000000 08:06 3150048                    /usr/share/locale-langpack/es/LC_MESSAGES/libc.mo
7f313c035000-7f313cdfe000 rw-p 00000000 00:00 0 
7f313cdfe000-7f313cdff000 ---p 00000000 00:00 0 
7f313cdff000-7f313ceff000 rw-p 00000000 00:00 0 
7f313ceff000-7f313cf00000 ---p 00000000 00:00 0 
7f313cf00000-7f313d000000 rw-p 00000000 00:00 0 
7f313d000000-7f313d330000 rwxp 00000000 00:00 0 
7f313d330000-7f314c000000 ---p 00000000 00:00 0 
7f314c000000-7f314c538000 rw-p 00000000 00:00 0 
7f314c538000-7f3150000000 ---p 00000000 00:00 0 
7f3150000000-7f3150001000 r--s 00000000 08:06 1065514                    /var/cache/fontconfig/4b2eda6bb976bda485cb2176619421d5-le64.cache-7
7f3150001000-7f315000c000 r--s 00000000 08:06 1065511                    /var/cache/fontconfig/83bf95040141907cd45bb53cf7c1c148-le64.cache-7
7f315000c000-7f315004e000 rw-p 00000000 00:00 0 
7f315004e000-7f315004f000 ---p 00000000 00:00 0 
7f315004f000-7f315014f000 rw-p 00000000 00:00 0 
7f315014f000-7f3150150000 ---p 00000000 00:00 0 
7f3150150000-7f3150279000 rw-p 00000000 00:00 0 
7f3150279000-7f31504d1000 ---p 00000000 00:00 0 
7f31504d1000-7f31504fa000 rw-p 00000000 00:00 0 
7f31504fa000-7f3150751000 ---p 00000000 00:00 0 
7f3150751000-7f3150766000 rw-p 00000000 00:00 0 
7f3150766000-7f3150892000 ---p 00000000 00:00 0 
7f3150892000-7f31508a0000 rw-p 00000000 00:00 0 
7f31508a0000-7f3150c53000 ---p 00000000 00:00 0 
7f3150c53000-7f3150c6d000 r-xp 00000000 08:06 663754                     /home/carolina/jdk1.8.0_111/jre/lib/amd64/libzip.so
7f3150c6d000-7f3150e6d000 ---p 0001a000 08:06 663754                     /home/carolina/jdk1.8.0_111/jre/lib/amd64/libzip.so
7f3150e6d000-7f3150e6e000 rw-p 0001a000 08:06 663754                     /home/carolina/jdk1.8.0_111/jre/lib/amd64/libzip.so
7f3150e6e000-7f3150e79000 r-xp 00000000 08:06 2238570                    /lib/x86_64-linux-gnu/libnss_files-2.27.so
7f3150e79000-7f3151078000 ---p 0000b000 08:06 2238570                    /lib/x86_64-linux-gnu/libnss_files-2.27.so
7f3151078000-7f3151079000 r--p 0000a000 08:06 2238570                    /lib/x86_64-linux-gnu/libnss_files-2.27.so
7f3151079000-7f315107a000 rw-p 0000b000 08:06 2238570                    /lib/x86_64-linux-gnu/libnss_files-2.27.so
7f315107a000-7f3151080000 rw-p 00000000 00:00 0 
7f3151080000-7f3151097000 r-xp 00000000 08:06 2238567                    /lib/x86_64-linux-gnu/libnsl-2.27.so
7f3151097000-7f3151296000 ---p 00017000 08:06 2238567                    /lib/x86_64-linux-gnu/libnsl-2.27.so
7f3151296000-7f3151297000 r--p 00016000 08:06 2238567                    /lib/x86_64-linux-gnu/libnsl-2.27.so
7f3151297000-7f3151298000 rw-p 00017000 08:06 2238567                    /lib/x86_64-linux-gnu/libnsl-2.27.so
7f3151298000-7f315129a000 rw-p 00000000 00:00 0 
7f315129a000-7f31512a5000 r-xp 00000000 08:06 2238572                    /lib/x86_64-linux-gnu/libnss_nis-2.27.so
7f31512a5000-7f31514a4000 ---p 0000b000 08:06 2238572                    /lib/x86_64-linux-gnu/libnss_nis-2.27.so
7f31514a4000-7f31514a5000 r--p 0000a000 08:06 2238572                    /lib/x86_64-linux-gnu/libnss_nis-2.27.so
7f31514a5000-7f31514a6000 rw-p 0000b000 08:06 2238572                    /lib/x86_64-linux-gnu/libnss_nis-2.27.so
7f31514a6000-7f31514ae000 r-xp 00000000 08:06 2238568                    /lib/x86_64-linux-gnu/libnss_compat-2.27.so
7f31514ae000-7f31516ae000 ---p 00008000 08:06 2238568                    /lib/x86_64-linux-gnu/libnss_compat-2.27.so
7f31516ae000-7f31516af000 r--p 00008000 08:06 2238568                    /lib/x86_64-linux-gnu/libnss_compat-2.27.so
7f31516af000-7f31516b0000 rw-p 00009000 08:06 2238568                    /lib/x86_64-linux-gnu/libnss_compat-2.27.so
7f31516b0000-7f31516db000 r-xp 00000000 08:06 663729                     /home/carolina/jdk1.8.0_111/jre/lib/amd64/libjava.so
7f31516db000-7f31518da000 ---p 0002b000 08:06 663729                     /home/carolina/jdk1.8.0_111/jre/lib/amd64/libjava.so
7f31518da000-7f31518dc000 rw-p 0002a000 08:06 663729                     /home/carolina/jdk1.8.0_111/jre/lib/amd64/libjava.so
7f31518dc000-7f31518e9000 r-xp 00000000 08:06 663694                     /home/carolina/jdk1.8.0_111/jre/lib/amd64/libverify.so
7f31518e9000-7f3151ae8000 ---p 0000d000 08:06 663694                     /home/carolina/jdk1.8.0_111/jre/lib/amd64/libverify.so
7f3151ae8000-7f3151aea000 rw-p 0000c000 08:06 663694                     /home/carolina/jdk1.8.0_111/jre/lib/amd64/libverify.so
7f3151aea000-7f3151af1000 r-xp 00000000 08:06 2238577                    /lib/x86_64-linux-gnu/librt-2.27.so
7f3151af1000-7f3151cf0000 ---p 00007000 08:06 2238577                    /lib/x86_64-linux-gnu/librt-2.27.so
7f3151cf0000-7f3151cf1000 r--p 00006000 08:06 2238577                    /lib/x86_64-linux-gnu/librt-2.27.so
7f3151cf1000-7f3151cf2000 rw-p 00007000 08:06 2238577                    /lib/x86_64-linux-gnu/librt-2.27.so
7f3151cf2000-7f3151e8f000 r-xp 00000000 08:06 2238564                    /lib/x86_64-linux-gnu/libm-2.27.so
7f3151e8f000-7f315208e000 ---p 0019d000 08:06 2238564                    /lib/x86_64-linux-gnu/libm-2.27.so
7f315208e000-7f315208f000 r--p 0019c000 08:06 2238564                    /lib/x86_64-linux-gnu/libm-2.27.so
7f315208f000-7f3152090000 rw-p 0019d000 08:06 2238564                    /lib/x86_64-linux-gnu/libm-2.27.so
7f3152090000-7f3152d5d000 r-xp 00000000 08:06 663613                     /home/carolina/jdk1.8.0_111/jre/lib/amd64/server/libjvm.so
7f3152d5d000-7f3152f5c000 ---p 00ccd000 08:06 663613                     /home/carolina/jdk1.8.0_111/jre/lib/amd64/server/libjvm.so
7f3152f5c000-7f3153035000 rw-p 00ccc000 08:06 663613                     /home/carolina/jdk1.8.0_111/jre/lib/amd64/server/libjvm.so
7f3153035000-7f3153080000 rw-p 00000000 00:00 0 
7f3153080000-7f3153267000 r-xp 00000000 08:06 2238560                    /lib/x86_64-linux-gnu/libc-2.27.so
7f3153267000-7f3153467000 ---p 001e7000 08:06 2238560                    /lib/x86_64-linux-gnu/libc-2.27.so
7f3153467000-7f315346b000 r--p 001e7000 08:06 2238560                    /lib/x86_64-linux-gnu/libc-2.27.so
7f315346b000-7f315346d000 rw-p 001eb000 08:06 2238560                    /lib/x86_64-linux-gnu/libc-2.27.so
7f315346d000-7f3153471000 rw-p 00000000 00:00 0 
7f3153471000-7f3153474000 r-xp 00000000 08:06 2238563                    /lib/x86_64-linux-gnu/libdl-2.27.so
7f3153474000-7f3153673000 ---p 00003000 08:06 2238563                    /lib/x86_64-linux-gnu/libdl-2.27.so
7f3153673000-7f3153674000 r--p 00002000 08:06 2238563                    /lib/x86_64-linux-gnu/libdl-2.27.so
7f3153674000-7f3153675000 rw-p 00003000 08:06 2238563                    /lib/x86_64-linux-gnu/libdl-2.27.so
7f3153675000-7f315368a000 r-xp 00000000 08:06 663675                     /home/carolina/jdk1.8.0_111/jre/lib/amd64/jli/libjli.so
7f315368a000-7f315388a000 ---p 00015000 08:06 663675                     /home/carolina/jdk1.8.0_111/jre/lib/amd64/jli/libjli.so
7f315388a000-7f315388b000 rw-p 00015000 08:06 663675                     /home/carolina/jdk1.8.0_111/jre/lib/amd64/jli/libjli.so
7f315388b000-7f31538a5000 r-xp 00000000 08:06 2238575                    /lib/x86_64-linux-gnu/libpthread-2.27.so
7f31538a5000-7f3153aa4000 ---p 0001a000 08:06 2238575                    /lib/x86_64-linux-gnu/libpthread-2.27.so
7f3153aa4000-7f3153aa5000 r--p 00019000 08:06 2238575                    /lib/x86_64-linux-gnu/libpthread-2.27.so
7f3153aa5000-7f3153aa6000 rw-p 0001a000 08:06 2238575                    /lib/x86_64-linux-gnu/libpthread-2.27.so
7f3153aa6000-7f3153aaa000 rw-p 00000000 00:00 0 
7f3153aaa000-7f3153ad1000 r-xp 00000000 08:06 2238556                    /lib/x86_64-linux-gnu/ld-2.27.so
7f3153ad1000-7f3153ad4000 r--s 00000000 08:06 1065512                    /var/cache/fontconfig/75114ca45c98e8a441da0ff356701271-le64.cache-7
7f3153ad4000-7f3153ae3000 r--s 00000000 08:06 1053622                    /var/cache/fontconfig/9b89f8e3dae116d678bbf48e5f21f69b-le64.cache-7
7f3153ae3000-7f3153ae6000 r--s 00000000 08:06 1058760                    /var/cache/fontconfig/e13b20fdb08344e0e664864cc2ede53d-le64.cache-7
7f3153ae6000-7f3153bb0000 rw-p 00000000 00:00 0 
7f3153bb0000-7f3153bb1000 ---p 00000000 00:00 0 
7f3153bb1000-7f3153bb4000 ---p 00000000 00:00 0 
7f3153bb4000-7f3153cb3000 rw-p 00000000 00:00 0 
7f3153cb3000-7f3153cb5000 r--s 00000000 08:06 1065509                    /var/cache/fontconfig/6afa1bb216ce958c1589e297e8008489-le64.cache-7
7f3153cb5000-7f3153cb9000 r--s 00000000 08:06 1065513                    /var/cache/fontconfig/7ef2298fde41cc6eeb7af42e48b7d293-le64.cache-7
7f3153cb9000-7f3153cc0000 r--s 00000000 08:06 2500934                    /usr/lib/x86_64-linux-gnu/gconv/gconv-modules.cache
7f3153cc0000-7f3153cc5000 r--s 002f8000 08:06 663655                     /home/carolina/jdk1.8.0_111/jre/lib/charsets.jar
7f3153cc5000-7f3153ccd000 rw-s 00000000 08:06 1442357                    /tmp/hsperfdata_carolina/3927
7f3153ccd000-7f3153cce000 rw-p 00000000 00:00 0 
7f3153cce000-7f3153ccf000 r--p 00000000 00:00 0 
7f3153ccf000-7f3153cd1000 rw-p 00000000 00:00 0 
7f3153cd1000-7f3153cd2000 r--p 00027000 08:06 2238556                    /lib/x86_64-linux-gnu/ld-2.27.so
7f3153cd2000-7f3153cd3000 rw-p 00028000 08:06 2238556                    /lib/x86_64-linux-gnu/ld-2.27.so
7f3153cd3000-7f3153cd4000 rw-p 00000000 00:00 0 
7ffde0447000-7ffde0468000 rw-p 00000000 00:00 0                          [stack]
7ffde05d0000-7ffde05d3000 r--p 00000000 00:00 0                          [vvar]
7ffde05d3000-7ffde05d5000 r-xp 00000000 00:00 0                          [vdso]
ffffffffff600000-ffffffffff601000 r-xp 00000000 00:00 0                  [vsyscall]

VM Arguments:
jvm_args: -Dfile.encoding=UTF-8 
java_command: Vista.AutomataUI
java_class_path (initial): /home/carolina/Escritorio/Teoria/PracticaTeoria/build/classes
Launcher Type: SUN_STANDARD

Environment Variables:
PATH=/home/carolina/bin:/home/carolina/.local/bin:/usr/local/sbin:/usr/local/bin:/usr/sbin:/usr/bin:/sbin:/bin:/usr/games:/usr/local/games:/snap/bin
USERNAME=carolina
LD_LIBRARY_PATH=/home/carolina/jdk1.8.0_111/jre/lib/amd64:/home/carolina/jdk1.8.0_111/jre/lib/i386:
SHELL=/bin/bash
DISPLAY=:0

Signal Handlers:
SIGSEGV: [libjvm.so+0xac64b0], sa_mask[0]=11111111011111111101111111111110, sa_flags=SA_RESTART|SA_SIGINFO
SIGBUS: [libjvm.so+0xac64b0], sa_mask[0]=11111111011111111101111111111110, sa_flags=SA_RESTART|SA_SIGINFO
SIGFPE: [libjvm.so+0x91f950], sa_mask[0]=11111111011111111101111111111110, sa_flags=SA_RESTART|SA_SIGINFO
SIGPIPE: [libjvm.so+0x91f950], sa_mask[0]=11111111011111111101111111111110, sa_flags=SA_RESTART|SA_SIGINFO
SIGXFSZ: [libjvm.so+0x91f950], sa_mask[0]=11111111011111111101111111111110, sa_flags=SA_RESTART|SA_SIGINFO
SIGILL: [libjvm.so+0x91f950], sa_mask[0]=11111111011111111101111111111110, sa_flags=SA_RESTART|SA_SIGINFO
SIGUSR1: SIG_DFL, sa_mask[0]=00000000000000000000000000000000, sa_flags=none
SIGUSR2: [libjvm.so+0x920f80], sa_mask[0]=00100000000000000000000000000000, sa_flags=SA_RESTART|SA_SIGINFO
SIGHUP: [libjvm.so+0x922380], sa_mask[0]=11111111011111111101111111111110, sa_flags=SA_RESTART|SA_SIGINFO
SIGINT: SIG_IGN, sa_mask[0]=00000000000000000000000000000000, sa_flags=none
SIGTERM: [libjvm.so+0x922380], sa_mask[0]=11111111011111111101111111111110, sa_flags=SA_RESTART|SA_SIGINFO
SIGQUIT: [libjvm.so+0x922380], sa_mask[0]=11111111011111111101111111111110, sa_flags=SA_RESTART|SA_SIGINFO


---------------  S Y S T E M  ---------------

OS:DISTRIB_ID=Ubuntu
DISTRIB_RELEASE=18.04
DISTRIB_CODENAME=bionic
DISTRIB_DESCRIPTION="Ubuntu 18.04.2 LTS"

uname:Linux 4.15.0-38-generic #41-Ubuntu SMP Wed Oct 10 10:59:38 UTC 2018 x86_64
libc:glibc 2.27 NPTL 2.27 
rlimit: STACK 8192k, CORE 0k, NPROC 30574, NOFILE 1048576, AS infinity
load average:0,65 0,50 0,36

/proc/meminfo:
MemTotal:        7868828 kB
MemFree:         4493924 kB
MemAvailable:    5699596 kB
Buffers:          129800 kB
Cached:          1494504 kB
SwapCached:            0 kB
Active:          2189656 kB
Inactive:         948732 kB
Active(anon):    1515112 kB
Inactive(anon):   238512 kB
Active(file):     674544 kB
Inactive(file):   710220 kB
Unevictable:         144 kB
Mlocked:             144 kB
SwapTotal:       8084476 kB
SwapFree:        8084476 kB
Dirty:              1564 kB
Writeback:             0 kB
AnonPages:       1497664 kB
Mapped:           354384 kB
Shmem:            239716 kB
Slab:             131560 kB
SReclaimable:      80420 kB
SUnreclaim:        51140 kB
KernelStack:        7836 kB
PageTables:        31544 kB
NFS_Unstable:          0 kB
Bounce:                0 kB
WritebackTmp:          0 kB
CommitLimit:    12018888 kB
Committed_AS:    4549904 kB
VmallocTotal:   34359738367 kB
VmallocUsed:           0 kB
VmallocChunk:          0 kB
HardwareCorrupted:     0 kB
AnonHugePages:         0 kB
ShmemHugePages:        0 kB
ShmemPmdMapped:        0 kB
CmaTotal:              0 kB
CmaFree:               0 kB
HugePages_Total:       0
HugePages_Free:        0
HugePages_Rsvd:        0
HugePages_Surp:        0
Hugepagesize:       2048 kB
DirectMap4k:      235556 kB
DirectMap2M:     6801408 kB
DirectMap1G:     2097152 kB


CPU:total 4 (2 cores per cpu, 2 threads per core) family 6 model 69 stepping 1, cmov, cx8, fxsr, mmx, sse, sse2, sse3, ssse3, sse4.1, sse4.2, popcnt, avx, avx2, aes, clmul, erms, lzcnt, ht, tsc, tscinvbit, bmi1, bmi2

/proc/cpuinfo:
processor	: 0
vendor_id	: GenuineIntel
cpu family	: 6
model		: 69
model name	: Intel(R) Core(TM) i5-4200U CPU @ 1.60GHz
stepping	: 1
microcode	: 0x17
cpu MHz		: 2294.550
cache size	: 3072 KB
physical id	: 0
siblings	: 4
core id		: 0
cpu cores	: 2
apicid		: 0
initial apicid	: 0
fpu		: yes
fpu_exception	: yes
cpuid level	: 13
wp		: yes
flags		: fpu vme de pse tsc msr pae mce cx8 apic sep mtrr pge mca cmov pat pse36 clflush dts acpi mmx fxsr sse sse2 ss ht tm pbe syscall nx pdpe1gb rdtscp lm constant_tsc arch_perfmon pebs bts rep_good nopl xtopology nonstop_tsc cpuid aperfmperf pni pclmulqdq dtes64 monitor ds_cpl vmx est tm2 ssse3 sdbg fma cx16 xtpr pdcm pcid sse4_1 sse4_2 movbe popcnt aes xsave avx f16c rdrand lahf_lm abm cpuid_fault epb invpcid_single pti tpr_shadow vnmi flexpriority ept vpid fsgsbase tsc_adjust bmi1 avx2 smep bmi2 erms invpcid xsaveopt dtherm ida arat pln pts
bugs		: cpu_meltdown spectre_v1 spectre_v2 spec_store_bypass l1tf
bogomips	: 4589.10
clflush size	: 64
cache_alignment	: 64
address sizes	: 39 bits physical, 48 bits virtual
power management:

processor	: 1
vendor_id	: GenuineIntel
cpu family	: 6
model		: 69
model name	: Intel(R) Core(TM) i5-4200U CPU @ 1.60GHz
stepping	: 1
microcode	: 0x17
cpu MHz		: 2294.550
cache size	: 3072 KB
physical id	: 0
siblings	: 4
core id		: 0
cpu cores	: 2
apicid		: 1
initial apicid	: 1
fpu		: yes
fpu_exception	: yes
cpuid level	: 13
wp		: yes
flags		: fpu vme de pse tsc msr pae mce cx8 apic sep mtrr pge mca cmov pat pse36 clflush dts acpi mmx fxsr sse sse2 ss ht tm pbe syscall nx pdpe1gb rdtscp lm constant_tsc arch_perfmon pebs bts rep_good nopl xtopology nonstop_tsc cpuid aperfmperf pni pclmulqdq dtes64 monitor ds_cpl vmx est tm2 ssse3 sdbg fma cx16 xtpr pdcm pcid sse4_1 sse4_2 movbe popcnt aes xsave avx f16c rdrand lahf_lm abm cpuid_fault epb invpcid_single pti tpr_shadow vnmi flexpriority ept vpid fsgsbase tsc_adjust bmi1 avx2 smep bmi2 erms invpcid xsaveopt dtherm ida arat pln pts
bugs		: cpu_meltdown spectre_v1 spectre_v2 spec_store_bypass l1tf
bogomips	: 4589.10
clflush size	: 64
cache_alignment	: 64
address sizes	: 39 bits physical, 48 bits virtual
power management:

processor	: 2
vendor_id	: GenuineIntel
cpu family	: 6
model		: 69
model name	: Intel(R) Core(TM) i5-4200U CPU @ 1.60GHz
stepping	: 1
microcode	: 0x17
cpu MHz		: 2294.549
cache size	: 3072 KB
physical id	: 0
siblings	: 4
core id		: 1
cpu cores	: 2
apicid		: 2
initial apicid	: 2
fpu		: yes
fpu_exception	: yes
cpuid level	: 13
wp		: yes
flags		: fpu vme de pse tsc msr pae mce cx8 apic sep mtrr pge mca cmov pat pse36 clflush dts acpi mmx fxsr sse sse2 ss ht tm pbe syscall nx pdpe1gb rdtscp lm constant_tsc arch_perfmon pebs bts rep_good nopl xtopology nonstop_tsc cpuid aperfmperf pni pclmulqdq dtes64 monitor ds_cpl vmx est tm2 ssse3 sdbg fma cx16 xtpr pdcm pcid sse4_1 sse4_2 movbe popcnt aes xsave avx f16c rdrand lahf_lm abm cpuid_fault epb invpcid_single pti tpr_shadow vnmi flexpriority ept vpid fsgsbase tsc_adjust bmi1 avx2 smep bmi2 erms invpcid xsaveopt dtherm ida arat pln pts
bugs		: cpu_meltdown spectre_v1 spectre_v2 spec_store_bypass l1tf
bogomips	: 4589.10
clflush size	: 64
cache_alignment	: 64
address sizes	: 39 bits physical, 48 bits virtual
power management:

processor	: 3
vendor_id	: GenuineIntel
cpu family	: 6
model		: 69
model name	: Intel(R) Core(TM) i5-4200U CPU @ 1.60GHz
stepping	: 1
microcode	: 0x17
cpu MHz		: 2294.549
cache size	: 3072 KB
physical id	: 0
siblings	: 4
core id		: 1
cpu cores	: 2
apicid		: 3
initial apicid	: 3
fpu		: yes
fpu_exception	: yes
cpuid level	: 13
wp		: yes
flags		: fpu vme de pse tsc msr pae mce cx8 apic sep mtrr pge mca cmov pat pse36 clflush dts acpi mmx fxsr sse sse2 ss ht tm pbe syscall nx pdpe1gb rdtscp lm constant_tsc arch_perfmon pebs bts rep_good nopl xtopology nonstop_tsc cpuid aperfmperf pni pclmulqdq dtes64 monitor ds_cpl vmx est tm2 ssse3 sdbg fma cx16 xtpr pdcm pcid sse4_1 sse4_2 movbe popcnt aes xsave avx f16c rdrand lahf_lm abm cpuid_fault epb invpcid_single pti tpr_shadow vnmi flexpriority ept vpid fsgsbase tsc_adjust bmi1 avx2 smep bmi2 erms invpcid xsaveopt dtherm ida arat pln pts
bugs		: cpu_meltdown spectre_v1 spectre_v2 spec_store_bypass l1tf
bogomips	: 4589.10
clflush size	: 64
cache_alignment	: 64
address sizes	: 39 bits physical, 48 bits virtual
power management:



Memory: 4k page, physical 7868828k(4593240k free), swap 8084476k(8084476k free)

vm_info: Java HotSpot(TM) 64-Bit Server VM (25.111-b14) for linux-amd64 JRE (1.8.0_111-b14), built on Sep 22 2016 16:14:03 by "java_re" with gcc 4.3.0 20080428 (Red Hat 4.3.0-8)

time: Wed Aug  7 21:20:03 2019
elapsed time: 3851 seconds (0d 1h 4m 11s)

